{"contracts/Company.sol":{"l":{"54":12,"55":12,"56":12,"57":12,"58":12,"59":12,"60":12,"69":1,"70":0},"path":"/home/juan/consensys/final/final-project-Juan-cc/kmp/contracts/Company.sol","s":{"1":12,"2":12,"3":12,"4":12,"5":12,"6":12,"7":12,"8":1,"9":0},"b":{},"f":{"1":12,"2":1},"fnMap":{"1":{"name":"constructor","line":46,"loc":{"start":{"line":46,"column":4},"end":{"line":53,"column":14}}},"2":{"name":"terminateCompany","line":66,"loc":{"start":{"line":66,"column":4},"end":{"line":66,"column":60}}}},"statementMap":{"1":{"start":{"line":54,"column":8},"end":{"line":54,"column":22}},"2":{"start":{"line":55,"column":8},"end":{"line":55,"column":25}},"3":{"start":{"line":56,"column":8},"end":{"line":56,"column":23}},"4":{"start":{"line":57,"column":8},"end":{"line":57,"column":23}},"5":{"start":{"line":58,"column":8},"end":{"line":58,"column":23}},"6":{"start":{"line":59,"column":8},"end":{"line":59,"column":30}},"7":{"start":{"line":60,"column":8},"end":{"line":60,"column":27}},"8":{"start":{"line":69,"column":8},"end":{"line":69,"column":31}},"9":{"start":{"line":70,"column":8},"end":{"line":70,"column":63}}},"branchMap":{}},"contracts/CompanyFactory.sol":{"l":{"59":7,"60":7,"64":7,"72":7,"73":7,"88":11,"89":11,"90":19,"91":10,"94":1},"path":"/home/juan/consensys/final/final-project-Juan-cc/kmp/contracts/CompanyFactory.sol","s":{"1":7,"2":7,"3":7,"4":7,"5":7,"6":11,"7":11,"8":19,"9":10,"10":1},"b":{"1":[7,0],"2":[10,9]},"f":{"1":7,"2":11},"fnMap":{"1":{"name":"createCompany","line":48,"loc":{"start":{"line":48,"column":4},"end":{"line":58,"column":5}}},"2":{"name":"nextCompanyAvailablePosition","line":83,"loc":{"start":{"line":83,"column":4},"end":{"line":87,"column":5}}}},"statementMap":{"1":{"start":{"line":59,"column":8},"end":{"line":59,"column":58}},"2":{"start":{"line":60,"column":8},"end":{"line":60,"column":2719}},"3":{"start":{"line":64,"column":8},"end":{"line":64,"column":2869}},"4":{"start":{"line":72,"column":8},"end":{"line":72,"column":65}},"5":{"start":{"line":73,"column":8},"end":{"line":73,"column":25}},"6":{"start":{"line":88,"column":8},"end":{"line":88,"column":86}},"7":{"start":{"line":89,"column":8},"end":{"line":89,"column":3755}},"8":{"start":{"line":90,"column":12},"end":{"line":90,"column":3821}},"9":{"start":{"line":91,"column":16},"end":{"line":91,"column":24}},"10":{"start":{"line":94,"column":8},"end":{"line":94,"column":34}}},"branchMap":{"1":{"line":60,"type":"if","locations":[{"start":{"line":60,"column":8},"end":{"line":60,"column":8}},{"start":{"line":60,"column":8},"end":{"line":60,"column":8}}]},"2":{"line":90,"type":"if","locations":[{"start":{"line":90,"column":12},"end":{"line":90,"column":12}},{"start":{"line":90,"column":12},"end":{"line":90,"column":12}}]}}},"contracts/CompanyUtil.sol":{"l":{"30":16,"31":16,"32":18,"33":15,"36":1},"path":"/home/juan/consensys/final/final-project-Juan-cc/kmp/contracts/CompanyUtil.sol","s":{"1":16,"2":16,"3":18,"4":15,"5":1},"b":{"1":[15,3]},"f":{"1":16},"fnMap":{"1":{"name":"findCompanyOwner","line":29,"loc":{"start":{"line":29,"column":4},"end":{"line":29,"column":109}}}},"statementMap":{"1":{"start":{"line":30,"column":8},"end":{"line":30,"column":86}},"2":{"start":{"line":31,"column":8},"end":{"line":31,"column":1439}},"3":{"start":{"line":32,"column":12},"end":{"line":32,"column":1505}},"4":{"start":{"line":33,"column":16},"end":{"line":33,"column":57}},"5":{"start":{"line":36,"column":8},"end":{"line":36,"column":28}}},"branchMap":{"1":{"line":32,"type":"if","locations":[{"start":{"line":32,"column":12},"end":{"line":32,"column":12}},{"start":{"line":32,"column":12},"end":{"line":32,"column":12}}]}}},"contracts/Owned.sol":{"l":{"22":6,"23":3,"31":27,"40":2},"path":"/home/juan/consensys/final/final-project-Juan-cc/kmp/contracts/Owned.sol","s":{"1":6,"2":27,"3":2},"b":{"1":[3,3]},"f":{"1":6,"2":27,"3":2},"fnMap":{"1":{"name":"ownerOnly","line":21,"loc":{"start":{"line":21,"column":4},"end":{"line":21,"column":37}}},"2":{"name":"constructor","line":30,"loc":{"start":{"line":30,"column":4},"end":{"line":30,"column":22}}},"3":{"name":"modifyOwner","line":39,"loc":{"start":{"line":39,"column":4},"end":{"line":39,"column":68}}}},"statementMap":{"1":{"start":{"line":22,"column":8},"end":{"line":22,"column":70}},"2":{"start":{"line":31,"column":8},"end":{"line":31,"column":25}},"3":{"start":{"line":40,"column":8},"end":{"line":40,"column":22}}},"branchMap":{"1":{"line":22,"type":"if","locations":[{"start":{"line":22,"column":8},"end":{"line":22,"column":8}},{"start":{"line":22,"column":8},"end":{"line":22,"column":8}}]}}},"contracts/Platform.sol":{"l":{"74":4,"75":4,"80":4,"84":4,"112":2,"119":2,"124":2,"147":2,"153":2,"160":2,"179":2,"183":2,"187":2,"188":2,"189":2,"191":2,"203":0,"204":0,"206":0,"208":0},"path":"/home/juan/consensys/final/final-project-Juan-cc/kmp/contracts/Platform.sol","s":{"1":4,"2":4,"3":2,"4":2,"5":2,"6":2,"7":2,"8":2,"9":2,"10":2,"11":2,"12":2,"13":2,"14":2,"15":0,"16":0,"17":0,"18":0},"b":{"1":[4,0],"2":[4,0],"3":[2,0],"4":[2,0],"5":[0,0]},"f":{"1":4,"2":4,"3":2,"4":2,"5":2,"6":2,"7":0},"fnMap":{"1":{"name":"stopInEmergency","line":73,"loc":{"start":{"line":73,"column":4},"end":{"line":73,"column":28}}},"2":{"name":"onlyCompanyOwner","line":79,"loc":{"start":{"line":79,"column":4},"end":{"line":79,"column":49}}},"3":{"name":"constructor","line":89,"loc":{"start":{"line":89,"column":4},"end":{"line":89,"column":30}}},"4":{"name":"createCompany","line":101,"loc":{"start":{"line":101,"column":4},"end":{"line":111,"column":5}}},"5":{"name":"createTokenForCompany","line":136,"loc":{"start":{"line":136,"column":4},"end":{"line":146,"column":5}}},"6":{"name":"getUserTokenBalance","line":169,"loc":{"start":{"line":169,"column":4},"end":{"line":178,"column":5}}},"7":{"name":"activateEmergency","line":198,"loc":{"start":{"line":198,"column":4},"end":{"line":202,"column":5}}}},"statementMap":{"1":{"start":{"line":74,"column":8},"end":{"line":74,"column":24}},"2":{"start":{"line":80,"column":8},"end":{"line":80,"column":2486}},"3":{"start":{"line":112,"column":8},"end":{"line":112,"column":3494}},"4":{"start":{"line":119,"column":8},"end":{"line":119,"column":3668}},"5":{"start":{"line":124,"column":8},"end":{"line":124,"column":25}},"6":{"start":{"line":147,"column":8},"end":{"line":147,"column":4542}},"7":{"start":{"line":153,"column":8},"end":{"line":153,"column":4704}},"8":{"start":{"line":160,"column":8},"end":{"line":160,"column":23}},"9":{"start":{"line":179,"column":8},"end":{"line":179,"column":5446}},"10":{"start":{"line":183,"column":8},"end":{"line":183,"column":5583}},"11":{"start":{"line":187,"column":8},"end":{"line":187,"column":73}},"12":{"start":{"line":188,"column":8},"end":{"line":188,"column":5777}},"13":{"start":{"line":189,"column":12},"end":{"line":189,"column":55}},"14":{"start":{"line":191,"column":8},"end":{"line":191,"column":23}},"15":{"start":{"line":203,"column":8},"end":{"line":203,"column":6113}},"16":{"start":{"line":204,"column":12},"end":{"line":204,"column":25}},"17":{"start":{"line":206,"column":12},"end":{"line":206,"column":26}},"18":{"start":{"line":208,"column":8},"end":{"line":208,"column":22}}},"branchMap":{"1":{"line":74,"type":"if","locations":[{"start":{"line":74,"column":8},"end":{"line":74,"column":8}},{"start":{"line":74,"column":8},"end":{"line":74,"column":8}}]},"2":{"line":80,"type":"if","locations":[{"start":{"line":80,"column":8},"end":{"line":80,"column":8}},{"start":{"line":80,"column":8},"end":{"line":80,"column":8}}]},"3":{"line":179,"type":"if","locations":[{"start":{"line":179,"column":8},"end":{"line":179,"column":8}},{"start":{"line":179,"column":8},"end":{"line":179,"column":8}}]},"4":{"line":188,"type":"if","locations":[{"start":{"line":188,"column":8},"end":{"line":188,"column":8}},{"start":{"line":188,"column":8},"end":{"line":188,"column":8}}]},"5":{"line":203,"type":"if","locations":[{"start":{"line":203,"column":8},"end":{"line":203,"column":8}},{"start":{"line":203,"column":8},"end":{"line":203,"column":8}}]}}},"contracts/Token.sol":{"l":{"41":10,"42":10,"43":10,"44":10},"path":"/home/juan/consensys/final/final-project-Juan-cc/kmp/contracts/Token.sol","s":{"1":10,"2":10,"3":10,"4":10},"b":{},"f":{"1":10},"fnMap":{"1":{"name":"constructor","line":29,"loc":{"start":{"line":29,"column":4},"end":{"line":40,"column":5}}}},"statementMap":{"1":{"start":{"line":41,"column":8},"end":{"line":41,"column":22}},"2":{"start":{"line":42,"column":8},"end":{"line":42,"column":32}},"3":{"start":{"line":43,"column":8},"end":{"line":43,"column":25}},"4":{"start":{"line":44,"column":8},"end":{"line":44,"column":36}}},"branchMap":{}},"contracts/TokenFactory.sol":{"l":{"27":3,"31":3,"60":3,"64":3,"68":3,"75":3,"76":3},"path":"/home/juan/consensys/final/final-project-Juan-cc/kmp/contracts/TokenFactory.sol","s":{"1":3,"2":3,"3":3,"4":3,"5":3,"6":3},"b":{"1":[3,0],"2":[3,0]},"f":{"1":3,"2":3},"fnMap":{"1":{"name":"onlyCompanyOwner","line":26,"loc":{"start":{"line":26,"column":4},"end":{"line":26,"column":49}}},"2":{"name":"createTokenForCompany","line":49,"loc":{"start":{"line":49,"column":4},"end":{"line":59,"column":5}}}},"statementMap":{"1":{"start":{"line":27,"column":8},"end":{"line":27,"column":1064}},"2":{"start":{"line":60,"column":8},"end":{"line":60,"column":2459}},"3":{"start":{"line":64,"column":8},"end":{"line":64,"column":2585}},"4":{"start":{"line":68,"column":8},"end":{"line":68,"column":2733}},"5":{"start":{"line":75,"column":8},"end":{"line":75,"column":62}},"6":{"start":{"line":76,"column":8},"end":{"line":76,"column":23}}},"branchMap":{"1":{"line":27,"type":"if","locations":[{"start":{"line":27,"column":8},"end":{"line":27,"column":8}},{"start":{"line":27,"column":8},"end":{"line":27,"column":8}}]},"2":{"line":64,"type":"if","locations":[{"start":{"line":64,"column":8},"end":{"line":64,"column":8}},{"start":{"line":64,"column":8},"end":{"line":64,"column":8}}]}}},"contracts/TokenUtil.sol":{"l":{"24":7,"28":7,"51":3,"52":3,"53":4,"54":3,"57":0,"72":4,"73":4,"74":8,"75":3,"78":1,"91":2,"92":2,"94":0},"path":"/home/juan/consensys/final/final-project-Juan-cc/kmp/contracts/TokenUtil.sol","s":{"1":7,"2":3,"3":3,"4":4,"5":3,"6":0,"7":4,"8":4,"9":8,"10":3,"11":1,"12":2,"13":2,"14":0},"b":{"1":[7,0],"2":[3,1],"3":[3,5],"4":[2,0]},"f":{"1":7,"2":3,"3":4,"4":2},"fnMap":{"1":{"name":"onlyCompanyOwner","line":23,"loc":{"start":{"line":23,"column":4},"end":{"line":23,"column":49}}},"2":{"name":"nextTokenAvailablePosition","line":42,"loc":{"start":{"line":42,"column":4},"end":{"line":50,"column":5}}},"3":{"name":"tokenInCompany","line":66,"loc":{"start":{"line":66,"column":4},"end":{"line":71,"column":5}}},"4":{"name":"findCompanyToken","line":86,"loc":{"start":{"line":86,"column":4},"end":{"line":90,"column":5}}}},"statementMap":{"1":{"start":{"line":24,"column":8},"end":{"line":24,"column":1001}},"2":{"start":{"line":51,"column":8},"end":{"line":51,"column":79}},"3":{"start":{"line":52,"column":8},"end":{"line":52,"column":2100}},"4":{"start":{"line":53,"column":12},"end":{"line":53,"column":2165}},"5":{"start":{"line":54,"column":16},"end":{"line":54,"column":24}},"6":{"start":{"line":57,"column":8},"end":{"line":57,"column":33}},"7":{"start":{"line":72,"column":8},"end":{"line":72,"column":79}},"8":{"start":{"line":73,"column":8},"end":{"line":73,"column":2890}},"9":{"start":{"line":74,"column":12},"end":{"line":74,"column":2955}},"10":{"start":{"line":75,"column":16},"end":{"line":75,"column":27}},"11":{"start":{"line":78,"column":8},"end":{"line":78,"column":20}},"12":{"start":{"line":91,"column":8},"end":{"line":91,"column":3494}},"13":{"start":{"line":92,"column":12},"end":{"line":92,"column":25}},"14":{"start":{"line":94,"column":8},"end":{"line":94,"column":28}}},"branchMap":{"1":{"line":24,"type":"if","locations":[{"start":{"line":24,"column":8},"end":{"line":24,"column":8}},{"start":{"line":24,"column":8},"end":{"line":24,"column":8}}]},"2":{"line":53,"type":"if","locations":[{"start":{"line":53,"column":12},"end":{"line":53,"column":12}},{"start":{"line":53,"column":12},"end":{"line":53,"column":12}}]},"3":{"line":74,"type":"if","locations":[{"start":{"line":74,"column":12},"end":{"line":74,"column":12}},{"start":{"line":74,"column":12},"end":{"line":74,"column":12}}]},"4":{"line":91,"type":"if","locations":[{"start":{"line":91,"column":8},"end":{"line":91,"column":8}},{"start":{"line":91,"column":8},"end":{"line":91,"column":8}}]}}}}