{"contracts/Company.sol":{"l":{"46":10,"47":10,"48":10,"49":10,"50":10,"51":10,"52":10,"58":1,"59":0},"path":"/home/juan/consensys/final/final-project-Juan-cc/kmp/contracts/Company.sol","s":{"1":10,"2":10,"3":10,"4":10,"5":10,"6":10,"7":10,"8":1,"9":0},"b":{},"f":{"1":10,"2":1},"fnMap":{"1":{"name":"constructor","line":38,"loc":{"start":{"line":38,"column":4},"end":{"line":45,"column":14}}},"2":{"name":"terminateCompany","line":56,"loc":{"start":{"line":56,"column":4},"end":{"line":56,"column":60}}}},"statementMap":{"1":{"start":{"line":46,"column":8},"end":{"line":46,"column":21}},"2":{"start":{"line":47,"column":8},"end":{"line":47,"column":26}},"3":{"start":{"line":48,"column":8},"end":{"line":48,"column":21}},"4":{"start":{"line":49,"column":8},"end":{"line":49,"column":17}},"5":{"start":{"line":50,"column":8},"end":{"line":50,"column":17}},"6":{"start":{"line":51,"column":8},"end":{"line":51,"column":35}},"7":{"start":{"line":52,"column":8},"end":{"line":52,"column":27}},"8":{"start":{"line":58,"column":8},"end":{"line":58,"column":31}},"9":{"start":{"line":59,"column":8},"end":{"line":59,"column":63}}},"branchMap":{}},"contracts/CompanyFactory.sol":{"l":{"24":5,"25":5,"29":5,"37":5,"38":5,"46":9,"47":9,"48":17,"49":8,"52":1,"60":4},"path":"/home/juan/consensys/final/final-project-Juan-cc/kmp/contracts/CompanyFactory.sol","s":{"1":5,"2":5,"3":5,"4":5,"5":5,"6":9,"7":9,"8":17,"9":8,"10":1,"11":4},"b":{"1":[5,0],"2":[8,9]},"f":{"1":5,"2":9,"3":4},"fnMap":{"1":{"name":"createCompany","line":16,"loc":{"start":{"line":16,"column":4},"end":{"line":23,"column":34}}},"2":{"name":"nextCompanyAvailablePosition","line":41,"loc":{"start":{"line":41,"column":4},"end":{"line":45,"column":5}}},"3":{"name":"nextCompanyAvailablePositionUtil","line":55,"loc":{"start":{"line":55,"column":4},"end":{"line":59,"column":5}}}},"statementMap":{"1":{"start":{"line":24,"column":8},"end":{"line":24,"column":58}},"2":{"start":{"line":25,"column":8},"end":{"line":25,"column":877}},"3":{"start":{"line":29,"column":8},"end":{"line":29,"column":1028}},"4":{"start":{"line":37,"column":8},"end":{"line":37,"column":65}},"5":{"start":{"line":38,"column":8},"end":{"line":38,"column":25}},"6":{"start":{"line":46,"column":8},"end":{"line":46,"column":86}},"7":{"start":{"line":47,"column":8},"end":{"line":47,"column":1525}},"8":{"start":{"line":48,"column":12},"end":{"line":48,"column":1591}},"9":{"start":{"line":49,"column":16},"end":{"line":49,"column":24}},"10":{"start":{"line":52,"column":8},"end":{"line":52,"column":34}},"11":{"start":{"line":60,"column":8},"end":{"line":60,"column":49}}},"branchMap":{"1":{"line":25,"type":"if","locations":[{"start":{"line":25,"column":8},"end":{"line":25,"column":8}},{"start":{"line":25,"column":8},"end":{"line":25,"column":8}}]},"2":{"line":48,"type":"if","locations":[{"start":{"line":48,"column":12},"end":{"line":48,"column":12}},{"start":{"line":48,"column":12},"end":{"line":48,"column":12}}]}}},"contracts/Owned.sol":{"l":{"8":24,"12":6,"13":3,"17":2},"path":"/home/juan/consensys/final/final-project-Juan-cc/kmp/contracts/Owned.sol","s":{"1":24,"2":6,"3":2},"b":{"1":[3,3]},"f":{"1":24,"2":6,"3":2},"fnMap":{"1":{"name":"constructor","line":7,"loc":{"start":{"line":7,"column":4},"end":{"line":7,"column":22}}},"2":{"name":"ownerOnly","line":11,"loc":{"start":{"line":11,"column":4},"end":{"line":11,"column":36}}},"3":{"name":"modifyOwner","line":16,"loc":{"start":{"line":16,"column":4},"end":{"line":16,"column":67}}}},"statementMap":{"1":{"start":{"line":8,"column":8},"end":{"line":8,"column":25}},"2":{"start":{"line":12,"column":8},"end":{"line":12,"column":69}},"3":{"start":{"line":17,"column":8},"end":{"line":17,"column":21}}},"branchMap":{"1":{"line":12,"type":"if","locations":[{"start":{"line":12,"column":8},"end":{"line":12,"column":8}},{"start":{"line":12,"column":8},"end":{"line":12,"column":8}}]}}},"contracts/Platform.sol":{"l":{"39":4,"40":4,"44":4,"48":4,"58":2,"65":2,"70":2,"84":2,"90":2,"97":2,"110":2,"114":2,"118":2,"119":2,"120":2,"122":2,"127":2,"131":10,"132":10,"133":12,"134":9,"137":1,"145":4,"149":4,"150":4,"151":8,"152":3,"155":1,"163":2,"164":2,"166":0,"174":0,"175":0,"177":0,"179":0},"path":"/home/juan/consensys/final/final-project-Juan-cc/kmp/contracts/Platform.sol","s":{"1":4,"2":4,"3":2,"4":2,"5":2,"6":2,"7":2,"8":2,"9":2,"10":2,"11":2,"12":2,"13":2,"14":2,"15":2,"16":10,"17":10,"18":12,"19":9,"20":1,"21":4,"22":4,"23":4,"24":8,"25":3,"26":1,"27":2,"28":2,"29":0,"30":0,"31":0,"32":0,"33":0},"b":{"1":[4,0],"2":[4,0],"3":[2,0],"4":[2,0],"5":[9,3],"6":[4,0],"7":[3,5],"8":[2,0],"9":[0,0]},"f":{"1":2,"2":4,"3":4,"4":2,"5":2,"6":2,"7":2,"8":10,"9":4,"10":2,"11":0},"fnMap":{"1":{"name":"constructor","line":35,"loc":{"start":{"line":35,"column":4},"end":{"line":35,"column":30}}},"2":{"name":"stopInEmergency","line":38,"loc":{"start":{"line":38,"column":4},"end":{"line":38,"column":28}}},"3":{"name":"onlyCompanyOwner","line":43,"loc":{"start":{"line":43,"column":4},"end":{"line":43,"column":49}}},"4":{"name":"createCompany","line":51,"loc":{"start":{"line":51,"column":4},"end":{"line":57,"column":50}}},"5":{"name":"createTokenForCompany","line":73,"loc":{"start":{"line":73,"column":4},"end":{"line":83,"column":5}}},"6":{"name":"getUserTokenBalance","line":100,"loc":{"start":{"line":100,"column":4},"end":{"line":109,"column":5}}},"7":{"name":"findCompanyOwnerUtil","line":125,"loc":{"start":{"line":125,"column":4},"end":{"line":125,"column":80}}},"8":{"name":"findCompanyOwner","line":130,"loc":{"start":{"line":130,"column":4},"end":{"line":130,"column":77}}},"9":{"name":"tokenInCompany","line":140,"loc":{"start":{"line":140,"column":4},"end":{"line":144,"column":5}}},"10":{"name":"findCompanyToken","line":158,"loc":{"start":{"line":158,"column":4},"end":{"line":162,"column":5}}},"11":{"name":"activateEmergency","line":169,"loc":{"start":{"line":169,"column":4},"end":{"line":173,"column":5}}}},"statementMap":{"1":{"start":{"line":39,"column":8},"end":{"line":39,"column":24}},"2":{"start":{"line":44,"column":8},"end":{"line":44,"column":1155}},"3":{"start":{"line":58,"column":8},"end":{"line":58,"column":1539}},"4":{"start":{"line":65,"column":8},"end":{"line":65,"column":1718}},"5":{"start":{"line":70,"column":8},"end":{"line":70,"column":25}},"6":{"start":{"line":84,"column":8},"end":{"line":84,"column":2180}},"7":{"start":{"line":90,"column":8},"end":{"line":90,"column":2346}},"8":{"start":{"line":97,"column":8},"end":{"line":97,"column":23}},"9":{"start":{"line":110,"column":8},"end":{"line":110,"column":2776}},"10":{"start":{"line":114,"column":8},"end":{"line":114,"column":2900}},"11":{"start":{"line":118,"column":8},"end":{"line":118,"column":74}},"12":{"start":{"line":119,"column":8},"end":{"line":119,"column":3096}},"13":{"start":{"line":120,"column":12},"end":{"line":120,"column":55}},"14":{"start":{"line":122,"column":8},"end":{"line":122,"column":23}},"15":{"start":{"line":127,"column":8},"end":{"line":127,"column":40}},"16":{"start":{"line":131,"column":8},"end":{"line":131,"column":96}},"17":{"start":{"line":132,"column":8},"end":{"line":132,"column":3592}},"18":{"start":{"line":133,"column":12},"end":{"line":133,"column":3658}},"19":{"start":{"line":134,"column":16},"end":{"line":134,"column":57}},"20":{"start":{"line":137,"column":8},"end":{"line":137,"column":28}},"21":{"start":{"line":145,"column":8},"end":{"line":145,"column":3938}},"22":{"start":{"line":149,"column":8},"end":{"line":149,"column":89}},"23":{"start":{"line":150,"column":8},"end":{"line":150,"column":4168}},"24":{"start":{"line":151,"column":12},"end":{"line":151,"column":4233}},"25":{"start":{"line":152,"column":16},"end":{"line":152,"column":27}},"26":{"start":{"line":155,"column":8},"end":{"line":155,"column":20}},"27":{"start":{"line":163,"column":8},"end":{"line":163,"column":4513}},"28":{"start":{"line":164,"column":12},"end":{"line":164,"column":25}},"29":{"start":{"line":166,"column":8},"end":{"line":166,"column":28}},"30":{"start":{"line":174,"column":8},"end":{"line":174,"column":4744}},"31":{"start":{"line":175,"column":12},"end":{"line":175,"column":25}},"32":{"start":{"line":177,"column":12},"end":{"line":177,"column":26}},"33":{"start":{"line":179,"column":8},"end":{"line":179,"column":22}}},"branchMap":{"1":{"line":39,"type":"if","locations":[{"start":{"line":39,"column":8},"end":{"line":39,"column":8}},{"start":{"line":39,"column":8},"end":{"line":39,"column":8}}]},"2":{"line":44,"type":"if","locations":[{"start":{"line":44,"column":8},"end":{"line":44,"column":8}},{"start":{"line":44,"column":8},"end":{"line":44,"column":8}}]},"3":{"line":110,"type":"if","locations":[{"start":{"line":110,"column":8},"end":{"line":110,"column":8}},{"start":{"line":110,"column":8},"end":{"line":110,"column":8}}]},"4":{"line":119,"type":"if","locations":[{"start":{"line":119,"column":8},"end":{"line":119,"column":8}},{"start":{"line":119,"column":8},"end":{"line":119,"column":8}}]},"5":{"line":133,"type":"if","locations":[{"start":{"line":133,"column":12},"end":{"line":133,"column":12}},{"start":{"line":133,"column":12},"end":{"line":133,"column":12}}]},"6":{"line":145,"type":"if","locations":[{"start":{"line":145,"column":8},"end":{"line":145,"column":8}},{"start":{"line":145,"column":8},"end":{"line":145,"column":8}}]},"7":{"line":151,"type":"if","locations":[{"start":{"line":151,"column":12},"end":{"line":151,"column":12}},{"start":{"line":151,"column":12},"end":{"line":151,"column":12}}]},"8":{"line":163,"type":"if","locations":[{"start":{"line":163,"column":8},"end":{"line":163,"column":8}},{"start":{"line":163,"column":8},"end":{"line":163,"column":8}}]},"9":{"line":174,"type":"if","locations":[{"start":{"line":174,"column":8},"end":{"line":174,"column":8}},{"start":{"line":174,"column":8},"end":{"line":174,"column":8}}]}}},"contracts/Token.sol":{"l":{"24":9,"25":9,"26":9,"27":9},"path":"/home/juan/consensys/final/final-project-Juan-cc/kmp/contracts/Token.sol","s":{"1":9,"2":9,"3":9,"4":9},"b":{},"f":{"1":9},"fnMap":{"1":{"name":"constructor","line":12,"loc":{"start":{"line":12,"column":4},"end":{"line":23,"column":5}}}},"statementMap":{"1":{"start":{"line":24,"column":8},"end":{"line":24,"column":21}},"2":{"start":{"line":25,"column":8},"end":{"line":25,"column":32}},"3":{"start":{"line":26,"column":8},"end":{"line":26,"column":25}},"4":{"start":{"line":27,"column":8},"end":{"line":27,"column":35}}},"branchMap":{}},"contracts/TokenFactory.sol":{"l":{"21":2,"22":2,"29":2,"33":2,"34":2,"41":2,"45":2,"46":2,"47":3,"48":2,"51":0,"58":0,"66":4,"67":4,"68":4,"69":4,"72":0},"path":"/home/juan/consensys/final/final-project-Juan-cc/kmp/contracts/TokenFactory.sol","s":{"1":2,"2":2,"3":2,"4":2,"5":2,"6":2,"7":2,"8":2,"9":3,"10":2,"11":0,"12":0,"13":4,"14":4,"15":4,"16":4,"17":0},"b":{"1":[2,0],"2":[2,0],"3":[2,1],"4":[4,0]},"f":{"1":2,"2":2,"3":0,"4":4},"fnMap":{"1":{"name":"createTokenForCompany","line":14,"loc":{"start":{"line":14,"column":4},"end":{"line":20,"column":32}}},"2":{"name":"nextTokenAvailablePosition","line":37,"loc":{"start":{"line":37,"column":4},"end":{"line":40,"column":37}}},"3":{"name":"findCompanyownerUtil","line":54,"loc":{"start":{"line":54,"column":4},"end":{"line":57,"column":39}}},"4":{"name":"findCompanyOwner","line":61,"loc":{"start":{"line":61,"column":4},"end":{"line":65,"column":5}}}},"statementMap":{"1":{"start":{"line":21,"column":8},"end":{"line":21,"column":64}},"2":{"start":{"line":22,"column":8},"end":{"line":22,"column":752}},"3":{"start":{"line":29,"column":8},"end":{"line":29,"column":914}},"4":{"start":{"line":33,"column":8},"end":{"line":33,"column":64}},"5":{"start":{"line":34,"column":8},"end":{"line":34,"column":23}},"6":{"start":{"line":41,"column":8},"end":{"line":41,"column":1277}},"7":{"start":{"line":45,"column":8},"end":{"line":45,"column":79}},"8":{"start":{"line":46,"column":8},"end":{"line":46,"column":1503}},"9":{"start":{"line":47,"column":12},"end":{"line":47,"column":1568}},"10":{"start":{"line":48,"column":16},"end":{"line":48,"column":24}},"11":{"start":{"line":51,"column":8},"end":{"line":51,"column":33}},"12":{"start":{"line":58,"column":8},"end":{"line":58,"column":47}},"13":{"start":{"line":66,"column":8},"end":{"line":66,"column":86}},"14":{"start":{"line":67,"column":8},"end":{"line":67,"column":2193}},"15":{"start":{"line":68,"column":12},"end":{"line":68,"column":2259}},"16":{"start":{"line":69,"column":16},"end":{"line":69,"column":57}},"17":{"start":{"line":72,"column":8},"end":{"line":72,"column":28}}},"branchMap":{"1":{"line":21,"type":"if","locations":[{"start":{"line":21,"column":8},"end":{"line":21,"column":8}},{"start":{"line":21,"column":8},"end":{"line":21,"column":8}}]},"2":{"line":41,"type":"if","locations":[{"start":{"line":41,"column":8},"end":{"line":41,"column":8}},{"start":{"line":41,"column":8},"end":{"line":41,"column":8}}]},"3":{"line":47,"type":"if","locations":[{"start":{"line":47,"column":12},"end":{"line":47,"column":12}},{"start":{"line":47,"column":12},"end":{"line":47,"column":12}}]},"4":{"line":68,"type":"if","locations":[{"start":{"line":68,"column":12},"end":{"line":68,"column":12}},{"start":{"line":68,"column":12},"end":{"line":68,"column":12}}]}}}}