TN:
SF:/home/juan/consensys/final/final-project-Juan-cc/kmp/contracts/Company.sol
FN:46,constructor
FN:66,terminateCompany
FNF:2
FNH:2
FNDA:12,constructor
FNDA:1,terminateCompany
DA:54,12
DA:55,12
DA:56,12
DA:57,12
DA:58,12
DA:59,12
DA:60,12
DA:69,1
DA:70,0
LF:9
LH:8
BRF:0
BRH:0
end_of_record
TN:
SF:/home/juan/consensys/final/final-project-Juan-cc/kmp/contracts/CompanyFactory.sol
FN:48,createCompany
FN:83,nextCompanyAvailablePosition
FNF:2
FNH:2
FNDA:7,createCompany
FNDA:11,nextCompanyAvailablePosition
DA:59,7
DA:60,7
DA:64,7
DA:72,7
DA:73,7
DA:88,11
DA:89,11
DA:90,19
DA:91,10
DA:94,1
LF:10
LH:10
BRDA:60,1,0,7
BRDA:60,1,1,0
BRDA:90,2,0,10
BRDA:90,2,1,9
BRF:4
BRH:3
end_of_record
TN:
SF:/home/juan/consensys/final/final-project-Juan-cc/kmp/contracts/CompanyUtil.sol
FN:29,findCompanyOwner
FNF:1
FNH:1
FNDA:16,findCompanyOwner
DA:30,16
DA:31,16
DA:32,18
DA:33,15
DA:36,1
LF:5
LH:5
BRDA:32,1,0,15
BRDA:32,1,1,3
BRF:2
BRH:2
end_of_record
TN:
SF:/home/juan/consensys/final/final-project-Juan-cc/kmp/contracts/Owned.sol
FN:21,ownerOnly
FN:30,constructor
FN:39,modifyOwner
FNF:3
FNH:3
FNDA:6,ownerOnly
FNDA:27,constructor
FNDA:2,modifyOwner
DA:22,6
DA:23,3
DA:31,27
DA:40,2
LF:4
LH:4
BRDA:22,1,0,3
BRDA:22,1,1,3
BRF:2
BRH:2
end_of_record
TN:
SF:/home/juan/consensys/final/final-project-Juan-cc/kmp/contracts/Platform.sol
FN:73,stopInEmergency
FN:79,onlyCompanyOwner
FN:89,constructor
FN:101,createCompany
FN:136,createTokenForCompany
FN:169,getUserTokenBalance
FN:198,activateEmergency
FNF:7
FNH:6
FNDA:4,stopInEmergency
FNDA:4,onlyCompanyOwner
FNDA:2,constructor
FNDA:2,createCompany
FNDA:2,createTokenForCompany
FNDA:2,getUserTokenBalance
FNDA:0,activateEmergency
DA:74,4
DA:75,4
DA:80,4
DA:84,4
DA:112,2
DA:119,2
DA:124,2
DA:147,2
DA:153,2
DA:160,2
DA:179,2
DA:183,2
DA:187,2
DA:188,2
DA:189,2
DA:191,2
DA:203,0
DA:204,0
DA:206,0
DA:208,0
LF:20
LH:16
BRDA:74,1,0,4
BRDA:74,1,1,0
BRDA:80,2,0,4
BRDA:80,2,1,0
BRDA:179,3,0,2
BRDA:179,3,1,0
BRDA:188,4,0,2
BRDA:188,4,1,0
BRDA:203,5,0,0
BRDA:203,5,1,0
BRF:10
BRH:4
end_of_record
TN:
SF:/home/juan/consensys/final/final-project-Juan-cc/kmp/contracts/Token.sol
FN:29,constructor
FNF:1
FNH:1
FNDA:10,constructor
DA:41,10
DA:42,10
DA:43,10
DA:44,10
LF:4
LH:4
BRF:0
BRH:0
end_of_record
TN:
SF:/home/juan/consensys/final/final-project-Juan-cc/kmp/contracts/TokenFactory.sol
FN:26,onlyCompanyOwner
FN:49,createTokenForCompany
FNF:2
FNH:2
FNDA:3,onlyCompanyOwner
FNDA:3,createTokenForCompany
DA:27,3
DA:31,3
DA:60,3
DA:64,3
DA:68,3
DA:75,3
DA:76,3
LF:7
LH:7
BRDA:27,1,0,3
BRDA:27,1,1,0
BRDA:64,2,0,3
BRDA:64,2,1,0
BRF:4
BRH:2
end_of_record
TN:
SF:/home/juan/consensys/final/final-project-Juan-cc/kmp/contracts/TokenUtil.sol
FN:23,onlyCompanyOwner
FN:42,nextTokenAvailablePosition
FN:66,tokenInCompany
FN:86,findCompanyToken
FNF:4
FNH:4
FNDA:7,onlyCompanyOwner
FNDA:3,nextTokenAvailablePosition
FNDA:4,tokenInCompany
FNDA:2,findCompanyToken
DA:24,7
DA:28,7
DA:51,3
DA:52,3
DA:53,4
DA:54,3
DA:57,0
DA:72,4
DA:73,4
DA:74,8
DA:75,3
DA:78,1
DA:91,2
DA:92,2
DA:94,0
LF:15
LH:13
BRDA:24,1,0,7
BRDA:24,1,1,0
BRDA:53,2,0,3
BRDA:53,2,1,1
BRDA:74,3,0,3
BRDA:74,3,1,5
BRDA:91,4,0,2
BRDA:91,4,1,0
BRF:8
BRH:6
end_of_record
