TN:
SF:/home/juan/consensys/final/final-project-Juan-cc/kmp/contracts/BC.sol
FN:19,constructor
FN:32,terminateCompany
FNF:2
FNH:2
FNDA:10,constructor
FNDA:1,terminateCompany
DA:22,10
DA:23,10
DA:24,10
DA:25,10
DA:26,10
DA:27,10
DA:28,10
DA:37,1
DA:38,0
LF:9
LH:8
BRF:0
BRH:0
end_of_record
TN:
SF:/home/juan/consensys/final/final-project-Juan-cc/kmp/contracts/CompanyFactory.sol
FN:20,createBCCompany
FN:33,nextCompanyAvailablePosition
FN:47,nextCompanyAvailablePositionUtil
FNF:3
FNH:3
FNDA:5,createBCCompany
FNDA:9,nextCompanyAvailablePosition
FNDA:4,nextCompanyAvailablePositionUtil
DA:24,5
DA:25,5
DA:26,5
DA:27,5
DA:28,5
DA:38,9
DA:39,9
DA:40,17
DA:41,8
DA:44,1
DA:52,4
LF:11
LH:11
BRDA:25,1,0,5
BRDA:25,1,1,0
BRDA:40,2,0,8
BRDA:40,2,1,9
BRF:4
BRH:3
end_of_record
TN:
SF:/home/juan/consensys/final/final-project-Juan-cc/kmp/contracts/KMP.sol
FN:26,constructor
FN:31,stopInEmergency
FN:36,onlyCompanyOwner
FN:42,createBCCompany
FN:53,createTokenForBCCompany
FN:65,getUserTokenBalance
FN:81,findBCownerUtil
FN:90,findBCowner
FN:105,tokenInBC
FN:120,findBCToken
FN:132,activateEmergency
FNF:11
FNH:10
FNDA:2,constructor
FNDA:4,stopInEmergency
FNDA:4,onlyCompanyOwner
FNDA:2,createBCCompany
FNDA:2,createTokenForBCCompany
FNDA:2,getUserTokenBalance
FNDA:2,findBCownerUtil
FNDA:10,findBCowner
FNDA:4,tokenInBC
FNDA:2,findBCToken
FNDA:0,activateEmergency
DA:32,4
DA:33,4
DA:37,4
DA:38,4
DA:47,2
DA:48,2
DA:49,2
DA:60,2
DA:61,2
DA:62,2
DA:71,2
DA:72,2
DA:73,2
DA:74,2
DA:75,2
DA:77,2
DA:86,2
DA:95,10
DA:96,10
DA:97,12
DA:98,9
DA:101,1
DA:110,4
DA:111,4
DA:112,4
DA:113,8
DA:114,3
DA:117,1
DA:125,2
DA:126,2
DA:128,0
DA:137,0
DA:138,0
DA:140,0
DA:142,0
LF:35
LH:30
BRDA:32,1,0,4
BRDA:32,1,1,0
BRDA:37,2,0,4
BRDA:37,2,1,0
BRDA:71,3,0,2
BRDA:71,3,1,0
BRDA:74,4,0,2
BRDA:74,4,1,0
BRDA:97,5,0,9
BRDA:97,5,1,3
BRDA:110,6,0,4
BRDA:110,6,1,0
BRDA:113,7,0,3
BRDA:113,7,1,5
BRDA:125,8,0,2
BRDA:125,8,1,0
BRDA:137,9,0,0
BRDA:137,9,1,0
BRF:18
BRH:10
end_of_record
TN:
SF:/home/juan/consensys/final/final-project-Juan-cc/kmp/contracts/KMToken.sol
FN:14,constructor
FNF:1
FNH:1
FNDA:9,constructor
DA:20,9
DA:21,9
DA:22,9
DA:23,9
LF:4
LH:4
BRF:0
BRH:0
end_of_record
TN:
SF:/home/juan/consensys/final/final-project-Juan-cc/kmp/contracts/Owned.sol
FN:7,constructor
FN:11,ownerOnly
FN:17,modifyOwner
FNF:3
FNH:3
FNDA:24,constructor
FNDA:6,ownerOnly
FNDA:2,modifyOwner
DA:8,24
DA:12,6
DA:13,3
DA:21,2
LF:4
LH:4
BRDA:12,1,0,3
BRDA:12,1,1,3
BRF:2
BRH:2
end_of_record
TN:
SF:/home/juan/consensys/final/final-project-Juan-cc/kmp/contracts/TokenFactory.sol
FN:20,createTokenForBCCompany
FN:33,nextTokenAvailablePosition
FN:48,findBCownerUtil
FN:56,findBCowner
FNF:4
FNH:3
FNDA:2,createTokenForBCCompany
FNDA:2,nextTokenAvailablePosition
FNDA:0,findBCownerUtil
FNDA:4,findBCowner
DA:24,2
DA:25,2
DA:26,2
DA:27,2
DA:28,2
DA:38,2
DA:39,2
DA:40,2
DA:41,3
DA:42,2
DA:45,0
DA:53,0
DA:61,4
DA:62,4
DA:63,4
DA:64,4
DA:67,0
LF:17
LH:14
BRDA:24,1,0,2
BRDA:24,1,1,0
BRDA:38,2,0,2
BRDA:38,2,1,0
BRDA:41,3,0,2
BRDA:41,3,1,1
BRDA:63,4,0,4
BRDA:63,4,1,0
BRF:8
BRH:5
end_of_record
